<?xml version="1.0" encoding="UTF-8"?>
<!-- Generated by org.testng.reporters.JUnitXMLReporter -->
<testsuite ignored="0" hostname="DESKTOP-D85A4UU" failures="0" tests="2" name="Test" time="8.737" errors="0" timestamp="2022-08-07T23:09:15 IST">
  <testcase classname="com.SauceDemoTestClasses.TC03VerifyAddToCartFunctionality" name="verifyaddtocart" time="0.088"/>
  <testcase classname="com.SauceDemoTestClasses.TC04VerifyAllProductFunctionality" name="verifyallproducts" time="0.298"/>
</testsuite> <!-- Test -->
