<?xml version="1.0" encoding="UTF-8"?>
<!-- Generated by org.testng.reporters.JUnitXMLReporter -->
<testsuite ignored="0" hostname="DESKTOP-D85A4UU" failures="0" tests="4" name="ChromeTest" time="20.924" errors="0" timestamp="2022-08-08T00:27:54 IST">
  <testcase classname="com.SauceDemoTestClasses.TC01VerifyLoginFunctionality" name="verifylogin" time="0.011"/>
  <testcase classname="com.SauceDemoTestClasses.TC02VerifyLogOutFunctionality" name="verifylogout" time="0.011"/>
  <testcase classname="com.SauceDemoTestClasses.TC03VerifyAddToCartFunctionality" name="verifyaddtocart" time="0.056"/>
  <testcase classname="com.SauceDemoTestClasses.TC04VerifyAllProductFunctionality" name="verifyallproducts" time="0.29"/>
</testsuite> <!-- ChromeTest -->
