<?xml version="1.0" encoding="UTF-8"?>
<!-- Generated by org.testng.reporters.JUnitXMLReporter -->
<testsuite ignored="0" hostname="DESKTOP-D85A4UU" failures="0" tests="2" name="Test" time="9.407" errors="0" timestamp="2022-08-07T19:47:43 IST">
  <testcase classname="com.SauceDemoTestClasses.TC03VerifyAddToCartFunctionality" name="verifyaddtocart" time="0.099"/>
  <testcase classname="com.SauceDemoTestClasses.TC04VerifyAllProductFunctionality" name="verifyallproducts" time="0.325"/>
</testsuite> <!-- Test -->
